0:100  0:100  MemLog inited, TSC freq: 2208332440
0:100  0:000  CPU was calibrated with RTC
0:100  0:000  CloverX64 : Image base = 0x60876000
0:100  0:000  Clover ImageHandle = 6729ef18
0:104  0:004  === [ Starting Clover ] =========================
0:104  0:000  Now is 02.04.2022,  14:48:30 (GMT)
0:104  0:000  Starting Clover revision: 5145 (master, commit 21ede3b8f) on American Megatrends EFI
0:105  0:000  Build id: 20220223114734-21ede3b-5145-dirty
0:105  0:000  Build with: [Args: -D NO_GRUB_DRIVERS_EMBEDDED -D LESS_DEBUG -t GCC53 | --cmd-len=50000 -D NO_GRUB_DRIVERS_EMBEDDED -D LESS_DEBUG --conf=/Users/sergey/src/CloverBootloader/Conf -D USE_LOW_EBDA -a X64 -b RELEASE -t GCC53 -n 5 | OS: 12.3]
0:105  0:000  === [ Get Smbios ] ==============================
0:110  0:005  Type 16 Index = 0
0:110  0:000  Total Memory Slots Count = 4
0:110  0:000  Type 17 Index = 0
0:110  0:000  SmbiosTable.Type17->SlotIndex = 0
0:110  0:000  SmbiosTable.Type17->ModuleSize = 16384MB
0:110  0:000  SmbiosTable.Type17->Type = 0
0:110  0:000  SmbiosTable.Type17->Frequency = 2667MHz
0:110  0:000  SmbiosTable.Type17->Bank/Device = BANK 0 ChannelA-DIMM0
0:110  0:000  SmbiosTable.Type17->Vendor = SK Hynix
0:110  0:000  SmbiosTable.Type17->SerialNo = 71FB1A2C
0:110  0:000  SmbiosTable.Type17->PartNo = HMA82GS6CJR8N-VK
0:110  0:000  Type 17 Index = 1
0:110  0:000  Ignoring insane frequency value 0MHz
0:110  0:000  Type 17 Index = 2
0:110  0:000  Ignoring insane frequency value 0MHz
0:110  0:000  Type 17 Index = 3
0:110  0:000  Ignoring insane frequency value 0MHz
0:110  0:000  Boot status=0
0:110  0:000  Running on: 'Zephyrus M GM501GS' with board 'GM501GS'
0:110  0:000  === [ GetCPUProperties ] ========================
0:110  0:000  CPU Vendor = 756E6547 Model=906EA
0:110  0:000   The CPU supported SSE4.1
0:110  0:000   The CPU supported RDRAND
0:110  0:000  BrandString = Intel(R) Core(TM) i7-8750H CPU @ 2.20GHz
0:110  0:000   The CPU supported turbo
0:110  0:000   Energy PerfBias is  visible:
0:110  0:000  MSR 0x35               6000C
0:110  0:000   TSC/CCC Information Leaf:
0:110  0:000    numerator     : 184
0:110  0:000    denominator   : 2
0:110  0:000   Calibrated ARTFrequency: 24003613
0:110  0:000   Rounded ARTFrequency: 24000000
0:110  0:000  MSR 0xE2 before patch 1E008007
0:110  0:000  MSR 0xE2 is locked, PM patches will be turned on
0:110  0:000  MSR 0xCE              0008083B_F1011600
0:110  0:000  corrected FLEX_RATIO = 100000
0:110  0:000  MSR 0x1B0             00000000
0:110  0:000  FSBFrequency = 96 MHz, DMI FSBFrequency = 100 MHz, Corrected FSBFrequency = 100 MHz
0:110  0:000  MaxDiv/MinDiv: 22.0/8
0:110  0:000  Turbo: 40/40/41/41
0:110  0:000  Features: 0x77FAFBBFBFEBFBFF
0:110  0:000  Threads: 12
0:110  0:000  Cores: 6
0:110  0:000  FSB: 100 MHz
0:110  0:000  CPU: 2100 MHz
0:110  0:000  TSC: 2100 MHz
0:110  0:000  PIS: 100 MHz
0:110  0:000  ExternalClock: 25 MHz
0:110  0:000  === [ GetDevices ] ==============================
0:110  0:000  GOP found at: PciRoot(0x0)/Pci(0x2,0x0)/AcpiAdr(0x80011400)
0:110  0:000  PCI (00|00:00.00) : 8086 3EC4 class=060000
0:110  0:000  PCI (00|00:01.00) : 8086 1901 class=060400
0:110  0:000  PCI (00|01:00.00) : 10DE 1BA1 class=030000
0:110  0:000   - GFX: Model=Asus GeForce GTX 1070 family 134 (Pascal)
0:110  0:000  PCI (00|01:00.01) : FFFF FFFF class=FFFFFF
0:110  0:000  PCI (00|00:02.00) : 8086 3E9B class=030000
0:110  0:000   - GFX: Model=Intel UHD Graphics 630 (Intel)
0:110  0:000   - GOP: Provided by device
0:110  0:000  PCI (00|00:04.00) : 8086 1903 class=118000
0:110  0:000  PCI (00|00:08.00) : 8086 1911 class=088000
0:110  0:000  PCI (00|00:12.00) : 8086 A379 class=118000
0:110  0:000  PCI (00|00:14.00) : 8086 A36D class=0C0330
0:110  0:000  PCI (00|00:14.02) : 8086 A36F class=050000
0:110  0:000  PCI (00|00:14.03) : 8086 A370 class=028000
0:110  0:000   - WIFI: Vendor= Intel
0:110  0:000  PCI (00|00:15.00) : 8086 A368 class=0C8000
0:110  0:000  PCI (00|00:15.01) : 8086 A369 class=0C8000
0:110  0:000  PCI (00|00:16.00) : 8086 A360 class=078000
0:110  0:000  PCI (00|00:17.00) : 8086 A353 class=010601
0:110  0:000  PCI (00|00:1B.00) : 8086 A340 class=060400
0:110  0:000  PCI (00|00:1B.04) : 8086 A32C class=060400
0:110  0:000  PCI (00|00:1D.00) : 8086 A330 class=060400
0:110  0:000  PCI (00|3C:00.00) : 144D A804 class=010802
0:111  0:000  PCI (00|00:1F.00) : 8086 A30D class=060100
0:111  0:000  PCI (00|00:1F.03) : 8086 A348 class=040300
0:111  0:000  PCI (00|00:1F.04) : 8086 A323 class=0C0500
0:111  0:000  PCI (00|00:1F.05) : 8086 A324 class=0C8000
0:111  0:000  _checkOEMPath Look for oem dir at path '\EFI\CLOVER\OEM\GM501GS\UEFI'. Dir doesn't exist.
0:111  0:000  _checkOEMPath Look for oem dir at path '\EFI\CLOVER\OEM\Zephyrus M GM501GS'. Dir doesn't exist.
0:111  0:000  _checkOEMPath Look for oem dir at path '\EFI\CLOVER\OEM\Zephyrus M GM501GS-2100'. Dir doesn't exist.
0:111  0:000  _checkOEMPath Look for oem dir at path '\EFI\CLOVER\OEM\GM501GS'. Dir doesn't exist.
0:111  0:000  _checkOEMPath Look for oem dir at path '\EFI\CLOVER\OEM\GM501GS-2100'. Dir doesn't exist.
0:111  0:000  === [ GetUserSettings ] =========================
0:111  0:000  GetDefaultModel()=MacBookPro15,1
0:112  0:000  Using config.plist at path: \EFI\CLOVER
0:113  0:001  Cannot find smbios.plist at path '\EFI\CLOVER' : Not Found
0:113  0:000  '\EFI\CLOVER\smbios.plist' not loaded. Efi error Not Found
0:113  0:000  Using latest BiosVersion from config instead of default 'MBP152.88Z.F000.B00.2107050204'
0:113  0:000  Using latest BiosReleaseDate from config instead of default '07/05/2021'
0:113  0:000  Using latest EfiVersion from config instead of default '1715.0.57.0.0'
0:113  0:000  BiosVersion: MBP152.88Z.F000.B00.2201062037
0:113  0:000  BiosReleaseDate: 01/06/2022
0:113  0:000  EfiVersion: 1715.81.2.0.0
0:113  0:000  Calibrated TSC Frequency = 2208332440 = 2208MHz
0:113  0:000  GOP found at: PciRoot(0x0)/Pci(0x2,0x0)/AcpiAdr(0x80011400)
0:119  0:006  === [ GetListOfThemes ] =========================
0:120  0:000  - [00]: embedded
0:120  0:000  - [00]: Outlines
0:120  0:000  === [ Found config plists ] =====================
0:120  0:000  - config.plist
0:120  0:000  === [ LoadDrivers ] =============================
0:121  0:000  Loading ApfsDriverLoader.efi status=Success
0:124  0:003   - driver needs connecting
0:124  0:000  Loading AudioDxe.efi status=Success
0:128  0:003   - driver needs connecting
0:128  0:000  Loading HFSPlus.efi status=Success
0:131  0:003   - driver needs connecting
0:131  0:000  Loading VBoxHfs.efi status=Success
0:135  0:003   - driver needs connecting
0:135  0:000  4 drivers needs connecting ...
0:135  0:000  PlatformDriverOverrideProtocol not found. Installing ... Success
0:135  0:000  HFS+ driver loaded
0:135  0:000  APFS driver loaded
0:135  0:000  Searching for invalid DiskIo BY_DRIVER connects: not found, all ok
4:266  4:130  === [ InitScreen ] ==============================
4:266  0:000  Console modes reported: 4, available modes:
4:266  0:000   - [01]: 80x25 (current mode)
4:266  0:000   - [02]: 80x50
4:266  0:000   - [03]: 100x31
4:266  0:000   - [04]: 240x56
4:266  0:000  SetScreenResolution: 1920x1080 - already set
4:266  0:000  === [ ScanSPD ] =================================
4:267  0:000  Scanning SMBus [8086:A323], mmio: 0xDD324004, ioport: 0xEFA0, hostc: 0x11
4:288  0:021  Not using XMP because it is not present
4:288  0:000  Slot: 0 Type 26 16384MB 2666MHz Vendor=SK Hynix PartNo=HMA82GS6CJR8N-VK SerialNo=71FB1A2C
4:290  0:001  === [ GetAcpiTablesList ] =======================
4:299  0:008  Get Acpi Tables List from RSDT:
4:299  0:000   - [00]: FACP  Notebook len=132
4:299  0:000   - [01]: APIC  Notebook len=244
4:299  0:000   - [02]: FPDT  Notebook len=68
4:299  0:000   - [03]: FIDT  Notebook len=156
4:299  0:000   - [04]: MCFG  Notebook len=60
4:299  0:000   - [05]: ECDT  Notebook len=193
4:299  0:000   - [06]: SSDT  SataTabl len=820
4:299  0:000   - [07]: SSDT  DptfTabl len=21112
4:299  0:000   - [08]: SSDT  CpuSsdt len=6168
4:299  0:000   - [09]: MSDM  Notebook len=85
4:299  0:000   - [10]: SSDT  UsbCTabl len=267
4:299  0:000   - [11]: SSDT  SaSsdt  len=12743
4:299  0:000   - [12]: SSDT  PegSsdt len=8212
4:299  0:000   - [13]: HPET  Notebook len=56
4:299  0:000   - [14]: UEFI  Notebook len=72
4:299  0:000   - [15]: LPIT  Notebook len=92
4:299  0:000   - [16]: SSDT  PtidDevc len=10206
4:299  0:000   - [17]: SSDT  TbtTypeC len=4094
4:299  0:000   - [18]: DBGP  Notebook len=52
4:299  0:000   - [19]: DBG2  Notebook len=84
4:299  0:000   - [20]: SSDT  SgPeg len=174
4:299  0:000   - [21]: BGRT  Notebook len=56
4:299  0:000   - [22]: TPM2  Notebook len=52
4:299  0:000   - [23]: SSDT  OptTabl len=8047
4:299  0:000   - [24]: WSMT  Notebook len=40
4:299  0:000   - [00]: Drop table : DMAR,                0 :  no
4:299  0:000  Custom boot CUSTOM_BOOT_USER_DISABLED (0x0)
4:299  0:000  Default theme: Outlines
4:299  0:000  === [ Found DSDT tables ] =======================
4:299  0:000  - DSDT.aml
4:300  0:000  === [ InitKextList ] ============================
4:367  0:067  === [ ScanVolumes ] =============================
4:367  0:000  Found 20 volumes with blockIO
4:367  0:000  - [00]: Volume: PciRoot(0x0)\Pci(0x17,0x0)\Sata(0x0,0xFFFF,0x0)
4:367  0:000  - [01]: Volume: PciRoot(0x0)\Pci(0x17,0x0)\Sata(0x0,0xFFFF,0x0)\HD(1,GPT,F3B79032-EC1E-4FC6-9707-1014C9909E9B,0x800,0x25800000)
4:368  0:000          Result of bootcode detection: bootable Windows (vista,win)
4:368  0:000  - [02]: Volume: PciRoot(0x0)\Pci(0x17,0x0)\Sata(0x0,0xFFFF,0x0)\HD(2,GPT,DCF4E0B2-F80E-49A4-9592-E3CC1A64102A,0x25800800,0x25800000)
4:369  0:000          Result of bootcode detection: bootable Windows (vista,win)
4:369  0:000  - [03]: Volume: PciRoot(0x0)\Pci(0x17,0x0)\Sata(0x0,0xFFFF,0x0)\HD(3,GPT,5D3933B3-4943-400E-8348-7BF20C4551B2,0x4B000800,0x296C5800)
4:370  0:000          Result of bootcode detection: bootable Windows (vista,win)
4:370  0:000  - [04]: Volume: PciRoot(0x0)\Pci(0x17,0x0)\Sata(0x0,0xFFFF,0x0)\HD(4,GPT,6A5401C9-8F4D-11EA-8929-005056C00008,0x746C6D8F,0x40000)
4:370  0:000  - [05]: Volume: PciRoot(0x0)\Pci(0x1D,0x0)\Pci(0x0,0x0)\NVMe(0x1,B3-D1-B0-71-C6-38-25-00)
4:370  0:000  - [06]: Volume: PciRoot(0x0)\Pci(0x1D,0x0)\Pci(0x0,0x0)\NVMe(0x1,B3-D1-B0-71-C6-38-25-00)\HD(1,GPT,30FAF072-C27D-4080-A37E-CEE6013E72AE,0x800,0x82000)
4:371  0:000          Result of bootcode detection: bootable Windows (vista,win)
4:371  0:000            label : SYSTEM
4:371  0:000          This is SelfVolume !!
4:371  0:000  - [07]: Volume: PciRoot(0x0)\Pci(0x1D,0x0)\Pci(0x0,0x0)\NVMe(0x1,B3-D1-B0-71-C6-38-25-00)\HD(2,GPT,4F4A0566-11B6-43EF-8184-A8DFC8F535FF,0x82800,0x8000)
4:371  0:000  - [08]: Volume: PciRoot(0x0)\Pci(0x1D,0x0)\Pci(0x0,0x0)\NVMe(0x1,B3-D1-B0-71-C6-38-25-00)\HD(3,GPT,B1EA5FFC-9970-44DE-A9FA-BBDB613B2296,0x8A800,0x1F58E21C)
4:371  0:000          Result of bootcode detection: bootable Windows (vista,win)
4:371  0:000  - [09]: Volume: PciRoot(0x0)\Pci(0x1D,0x0)\Pci(0x0,0x0)\NVMe(0x1,B3-D1-B0-71-C6-38-25-00)\HD(4,GPT,383A1839-332C-4196-870C-CF6E33CC3EED,0x1F619008,0x1607F9)
4:371  0:000          Result of bootcode detection: bootable Windows (vista,win)
4:371  0:000  - [10]: Volume: PciRoot(0x0)\Pci(0x1D,0x0)\Pci(0x0,0x0)\NVMe(0x1,B3-D1-B0-71-C6-38-25-00)\HD(5,GPT,9B2C3743-277F-44D8-BC52-ED3077CC107D,0x1F77A001,0x3017800)
4:371  0:000  - [11]: Volume: PciRoot(0x0)\Pci(0x1D,0x0)\Pci(0x0,0x0)\NVMe(0x1,B3-D1-B0-71-C6-38-25-00)\HD(6,GPT,D0237278-0979-4513-8077-273EA4E39442,0x22791801,0x1E8800)
4:372  0:000  - [12]: Volume: PciRoot(0x0)\Pci(0x1D,0x0)\Pci(0x0,0x0)\NVMe(0x1,B3-D1-B0-71-C6-38-25-00)\HD(7,GPT,D8AA7C2D-39E9-8941-B914-2641D8DAFD6F,0x2297A001,0x12C57000)
4:372  0:000  - [13]: Volume: PciRoot(0x0)\Pci(0x1D,0x0)\Pci(0x0,0x0)\NVMe(0x1,B3-D1-B0-71-C6-38-25-00)\HD(8,GPT,2B4278BB-CC9C-46BF-992B-353E4AF7B9C5,0x355D1800,0x640FA88)
4:372  0:000          Result of bootcode detection: bootable unknown (legacy)
4:372  0:000  - [14]: Volume: PciRoot(0x0)\Pci(0x1D,0x0)\Pci(0x0,0x0)\NVMe(0x1,B3-D1-B0-71-C6-38-25-00)\HD(8,GPT,2B4278BB-CC9C-46BF-992B-353E4AF7B9C5,0x355D1800,0x640FA88)\VenMedia(BE74FCF7-0B7C-49F3-9147-01F4042E6842,3B3141174F61AF42B3B6969FA8D9F937)
4:372  0:000            apfsFileSystemUUID=1741313B-614F-42AF-B3B6-969FA8D9F937, ApfsContainerUUID=88C16DE3-1C65-4914-851A-59E46C9ED583, ApfsRole=0x10
4:372  0:000            label : Preboot
4:372  0:000  - [15]: Volume: PciRoot(0x0)\Pci(0x1D,0x0)\Pci(0x0,0x0)\NVMe(0x1,B3-D1-B0-71-C6-38-25-00)\HD(8,GPT,2B4278BB-CC9C-46BF-992B-353E4AF7B9C5,0x355D1800,0x640FA88)\VenMedia(BE74FCF7-0B7C-49F3-9147-01F4042E6842,3D45F9DABB1B164EA7F0AA580353CCA2)
4:372  0:000            apfsFileSystemUUID=DAF9453D-1BBB-4E16-A7F0-AA580353CCA2, ApfsContainerUUID=88C16DE3-1C65-4914-851A-59E46C9ED583, ApfsRole=0x40
4:377  0:004            label : MACOS - 数据
4:377  0:000  - [16]: Volume: PciRoot(0x0)\Pci(0x1D,0x0)\Pci(0x0,0x0)\NVMe(0x1,B3-D1-B0-71-C6-38-25-00)\HD(8,GPT,2B4278BB-CC9C-46BF-992B-353E4AF7B9C5,0x355D1800,0x640FA88)\VenMedia(BE74FCF7-0B7C-49F3-9147-01F4042E6842,75A26906A259DB4AA6F7C443FC9DF14C)
4:377  0:000            apfsFileSystemUUID=0669A275-59A2-4ADB-A6F7-C443FC9DF14C, ApfsContainerUUID=88C16DE3-1C65-4914-851A-59E46C9ED583, ApfsRole=0x4
4:377  0:000            label : Recovery
4:377  0:000          hiding this volume
4:377  0:000  - [17]: Volume: PciRoot(0x0)\Pci(0x1D,0x0)\Pci(0x0,0x0)\NVMe(0x1,B3-D1-B0-71-C6-38-25-00)\HD(8,GPT,2B4278BB-CC9C-46BF-992B-353E4AF7B9C5,0x355D1800,0x640FA88)\VenMedia(BE74FCF7-0B7C-49F3-9147-01F4042E6842,CD2F0CDD3E7D814783A184D09B02835A)
4:377  0:000            apfsFileSystemUUID=DD0C2FCD-7D3E-4781-83A1-84D09B02835A, ApfsContainerUUID=88C16DE3-1C65-4914-851A-59E46C9ED583, ApfsRole=0x8
4:377  0:000            label : VM
4:377  0:000  - [18]: Volume: PciRoot(0x0)\Pci(0x1D,0x0)\Pci(0x0,0x0)\NVMe(0x1,B3-D1-B0-71-C6-38-25-00)\HD(8,GPT,2B4278BB-CC9C-46BF-992B-353E4AF7B9C5,0x355D1800,0x640FA88)\VenMedia(BE74FCF7-0B7C-49F3-9147-01F4042E6842,F6B7A8DBB4B1EB4393C7DEA357CA33D3)
4:377  0:000            apfsFileSystemUUID=DBA8B7F6-B1B4-43EB-93C7-DEA357CA33D3, ApfsContainerUUID=88C16DE3-1C65-4914-851A-59E46C9ED583, ApfsRole=0x1
4:379  0:001            label : MACOS
4:379  0:000  - [19]: Volume: PciRoot(0x0)\Pci(0x1D,0x0)\Pci(0x0,0x0)\NVMe(0x1,B3-D1-B0-71-C6-38-25-00)\HD(8,GPT,2B4278BB-CC9C-46BF-992B-353E4AF7B9C5,0x355D1800,0x640FA88)\VenMedia(BE74FCF7-0B7C-49F3-9147-01F4042E6842,0304BE0BF5A04D4486E2E25A5A8847A0)
4:379  0:000            apfsFileSystemUUID=0BBE0403-A0F5-444D-86E2-E25A5A8847A0, ApfsContainerUUID=88C16DE3-1C65-4914-851A-59E46C9ED583, ApfsRole=0xc0
4:380  0:000            label : Update
4:380  0:000  found 2 handles with audio
4:380  0:000  No AudioIoDevice stored
4:380  0:000  no stored audio parameters
4:380  0:000  Found Audio Device Realtek ALC294 (Speaker) at index 0
4:380  0:000  Found Audio Device Realtek ALC294 (Headphones) at index 1
4:381  0:000  === [ InitXTheme ] ==============================
4:381  0:000  use Daylight theme
4:382  0:001  Using theme 'Outlines' (Outlines)
4:382  0:000  chosen theme Outlines
4:382  0:000  OS main and drive as badge
4:439  0:057  sound play end with status=Device Error
4:441  0:002  theme inited
4:441  0:000  Chosen theme Outlines
4:441  0:000  after NVRAM boot-args=-no_compat_check brcmfx-country=US -lilubetaal -wegnoegpu
4:441  0:000  === [ Dump SMC keys from NVRAM ] ================
4:441  0:000  no AppleSMC protocol
4:461  0:019  === [ ScanLoader ] ==============================
4:461  0:000  - [06]: 'SYSTEM'
4:462  0:000        AddLoaderEntry for Volume Name=SYSTEM, idx=0
4:462  0:000        OSVersion= 
4:462  0:000        IconName=vista,win comma=5 size=9
4:462  0:000        first=os_vista
4:462  0:000        Loader entry created for 'PciRoot(0x0)\Pci(0x1D,0x0)\Pci(0x0,0x0)\NVMe(0x1,B3-D1-B0-71-C6-38-25-00)\HD(1,GPT,30FAF072-C27D-4080-A37E-CEE6013E72AE,0x800,0x82000)\EFI\microsoft\Boot\bootmgfw.efi'
4:462  0:000        Menu entry added at index 0
4:463  0:000        AddLoaderEntry for Volume Name=SYSTEM, idx=1
4:463  0:000        OSVersion= 
4:463  0:000        IconName=unknown comma=-1 size=7
4:463  0:000        Full=unknown
4:463  0:000        Loader entry created for 'PciRoot(0x0)\Pci(0x1D,0x0)\Pci(0x0,0x0)\NVMe(0x1,B3-D1-B0-71-C6-38-25-00)\HD(1,GPT,30FAF072-C27D-4080-A37E-CEE6013E72AE,0x800,0x82000)\EFI\BOOT\BOOTX64.efi'
4:463  0:000        Menu entry added at index 1
4:463  0:000       hiding entry because DiskKind is DISK_KIND_INTERNAL: \EFI\BOOT\BOOTX64.efi
4:463  0:000  - [14]: 'Preboot'
4:463  0:000      ApfsContainerUUID=88C16DE3-1C65-4914-851A-59E46C9ED583
4:463  0:000      ApfsFileSystemUUID=1741313B-614F-42AF-B3B6-969FA8D9F937
4:464  0:000      APFSTargetUUID=B8A3F867-39ED-419F-A2DC-9DC2406C58C5
4:464  0:000      Dead installer entry found (target volume not found : 'B8A3F867-39ED-419F-A2DC-9DC2406C58C5')
4:464  0:000      APFSTargetUUID=DAF9453D-1BBB-4E16-A7F0-AA580353CCA2
4:465  0:000        contentDetails name:MACOS
4:465  0:000        AddLoaderEntry for Volume Name=Preboot, idx=2
4:466  0:000        OSVersion=12.3.1 
4:466  0:000      hibernated: set as never
4:466  0:000        IconName=monterey,mac comma=8 size=12
4:466  0:000        first=os_monterey
4:466  0:000        Loader entry created for 'PciRoot(0x0)\Pci(0x1D,0x0)\Pci(0x0,0x0)\NVMe(0x1,B3-D1-B0-71-C6-38-25-00)\HD(8,GPT,2B4278BB-CC9C-46BF-992B-353E4AF7B9C5,0x355D1800,0x640FA88)\VenMedia(BE74FCF7-0B7C-49F3-9147-01F4042E6842,3B3141174F61AF42B3B6969FA8D9F937)\DAF9453D-1BBB-4E16-A7F0-AA580353CCA2\System\Library\CoreServices\boot.efi'
4:467  0:001        Menu entry added at index 2
4:467  0:000  - [15]: 'MACOS - 数据'
4:467  0:000      ApfsContainerUUID=88C16DE3-1C65-4914-851A-59E46C9ED583
4:467  0:000      ApfsFileSystemUUID=DAF9453D-1BBB-4E16-A7F0-AA580353CCA2
4:468  0:000  - [16]: 'Recovery'
4:468  0:000      ApfsContainerUUID=88C16DE3-1C65-4914-851A-59E46C9ED583
4:468  0:000      ApfsFileSystemUUID=0669A275-59A2-4ADB-A6F7-C443FC9DF14C
4:468  0:000      APFSTargetUUID=B8A3F867-39ED-419F-A2DC-9DC2406C58C5
4:468  0:000      APFSTargetUUID=DAF9453D-1BBB-4E16-A7F0-AA580353CCA2
4:468  0:000        contentDetails name:MACOS
4:469  0:000        AddLoaderEntry for Volume Name=Recovery, idx=3
4:469  0:000        OSVersion=12.3.1 
4:469  0:000        IconName=monterey,mac comma=8 size=12
4:469  0:000        first=os_monterey
4:469  0:000        Loader entry created for 'PciRoot(0x0)\Pci(0x1D,0x0)\Pci(0x0,0x0)\NVMe(0x1,B3-D1-B0-71-C6-38-25-00)\HD(8,GPT,2B4278BB-CC9C-46BF-992B-353E4AF7B9C5,0x355D1800,0x640FA88)\VenMedia(BE74FCF7-0B7C-49F3-9147-01F4042E6842,75A26906A259DB4AA6F7C443FC9DF14C)\DAF9453D-1BBB-4E16-A7F0-AA580353CCA2\BaseSystem.dmg'
4:469  0:000       hiding entry because volume is hidden: \DAF9453D-1BBB-4E16-A7F0-AA580353CCA2\BaseSystem.dmg
4:470  0:001        Menu entry added at index 3
4:470  0:000  - [17]: 'VM'
4:470  0:000      ApfsContainerUUID=88C16DE3-1C65-4914-851A-59E46C9ED583
4:470  0:000      ApfsFileSystemUUID=DD0C2FCD-7D3E-4781-83A1-84D09B02835A
4:471  0:000  - [18]: 'MACOS'
4:471  0:000      ApfsContainerUUID=88C16DE3-1C65-4914-851A-59E46C9ED583
4:471  0:000      ApfsFileSystemUUID=DBA8B7F6-B1B4-43EB-93C7-DEA357CA33D3
4:475  0:004  - [19]: 'Update'
4:475  0:000      ApfsContainerUUID=88C16DE3-1C65-4914-851A-59E46C9ED583
4:475  0:000      ApfsFileSystemUUID=0BBE0403-A0F5-444D-86E2-E25A5A8847A0
4:475  0:000  Entries list before ordering
4:475  0:000      Entry 0 : Boot Microsoft EFI Boot from SYSTEM
4:475  0:000      Entry 1 : Boot UEFI internal from SYSTEM (hidden)
4:475  0:000      Entry 2 : Boot Mac OS from MACOS via Preboot
4:475  0:000      Entry 3 : Boot Mac OS Recovery for MACOS via Recovery (hidden)
4:475  0:000  Entries after before ordering
4:475  0:000    Entry 0 : Boot Microsoft EFI Boot from SYSTEM
4:475  0:000    Entry 1 : Boot UEFI internal from SYSTEM (hidden)
4:475  0:000    Entry 2 : Boot Mac OS from MACOS via Preboot
4:475  0:000    Entry 3 : Boot Mac OS Recovery for MACOS via Recovery (hidden)
4:475  0:000  === [ AddCustomTool ] ===========================
4:476  0:000  === [ GetEfiBootDeviceFromNvram ] ===============
4:476  0:000  Got efi-boot-device-data size=276
4:477  0:000   - efi-boot-device-data: PciRoot(0x0)\Pci(0x1D,0x0)\Pci(0x0,0x0)\SasEx(0x01000000002538C6,0x71B0D1B37074616C,0x0,NoTopology,0,0,0)\HD(8,GPT,2B4278BB-CC9C-46BF-992B-353E4AF7B9C5,0x355D1800,0x640FA88)\VenMedia(BE74FCF7-0B7C-49F3-9147-01F4042E6842,3B3141174F61AF42B3B6969FA8D9F937)\DAF9453D-1BBB-4E16-A7F0-AA580353CCA2\System\Library\CoreServices\boot.efi
4:477  0:000    - Volume: 'PciRoot(0x0)\Pci(0x1D,0x0)\Pci(0x0,0x0)\SasEx(0x01000000002538C6,0x71B0D1B37074616C,0x0,NoTopology,0,0,0)\HD(8,GPT,2B4278BB-CC9C-46BF-992B-353E4AF7B9C5,0x355D1800,0x640FA88)\VenMedia(BE74FCF7-0B7C-49F3-9147-01F4042E6842,3B3141174F61AF42B3B6969FA8D9F937)'
4:477  0:000    - LoaderPath: '\DAF9453D-1BBB-4E16-A7F0-AA580353CCA2\System\Library\CoreServices\boot.efi'
4:477  0:000    - Guid = 2B4278BB-CC9C-46BF-992B-353E4AF7B9C5
4:477  0:000  === [ FindStartupDiskVolume ] ===================
4:477  0:000    - Volume: partition = PciRoot(0x0)\Pci(0x1D,0x0)\Pci(0x0,0x0)\SasEx(0x01000000002538C6,0x71B0D1B37074616C,0x0,NoTopology,0,0,0)\HD(8,GPT,2B4278BB-CC9C-46BF-992B-353E4AF7B9C5,0x355D1800,0x640FA88)\VenMedia(BE74FCF7-0B7C-49F3-9147-01F4042E6842,3B3141174F61AF42B3B6969FA8D9F937)
4:477  0:000     - searching for that partition and loader '\DAF9453D-1BBB-4E16-A7F0-AA580353CCA2\System\Library\CoreServices\boot.efi'
4:477  0:000      - [!] not found
4:477  0:000     - searching again, but comparing Media dev path nodes
4:477  0:000    checking '1741313B-614F-42AF-B3B6-969FA8D9F937'
4:477  0:000      - [!] not found
4:477  0:000     - searching for that partition
4:477  0:000      - [!] not found
4:477  0:000     - searching again, but comparing Media dev path nodes
4:477  0:000      - found entry 1. 'Boot Mac OS from MACOS via Preboot', Volume 'Preboot'
4:477  0:000  Boot redirected to Entry 1. 'Boot Mac OS from MACOS via Preboot'
4:477  0:000  === [ StartLoader ] =============================
4:477  0:000  Starting PciRoot(0x0)\Pci(0x1D,0x0)\Pci(0x0,0x0)\NVMe(0x1,B3-D1-B0-71-C6-38-25-00)\HD(8,GPT,2B4278BB-CC9C-46BF-992B-353E4AF7B9C5,0x355D1800,0x640FA88)\VenMedia(BE74FCF7-0B7C-49F3-9147-01F4042E6842,3B3141174F61AF42B3B6969FA8D9F937)\DAF9453D-1BBB-4E16-A7F0-AA580353CCA2\System\Library\CoreServices\boot.efi
4:477  0:000  Finally: ExternalClock=26MHz BusSpeed=100379kHz CPUFreq=2208MHz PIS: hw.busfrequency=104000000Hz
4:477  0:000  Beginning OC
4:477  0:000  OCST: Missing vault data, ignoring...
4:477  0:000  config-oc.plist isn't used at all
4:477  0:000  AddKextsInArray from Other
4:477  0:000  ->Extra kext: Other\ACPIBatteryManager.kext (v.1.90.1)
4:477  0:000  ->Extra kext: Other\AirportItlwm.kext (v.2.1.0)
4:477  0:000  ->Extra kext: Other\AppleALC.kext (v.1.6.9)
4:477  0:000  ->Extra kext: Other\AppleBacklightSmoother.kext (v.1.0.2)
4:477  0:000  ->Extra kext: Other\AsusNBFnKeys.kext (v.2.6)
4:477  0:000  ->Extra kext: Other\AsusSMC.kext (v.1.4.1)
4:477  0:000  ->Extra kext: Other\CPUFriend.kext (v.1.2.4)
4:477  0:000  ->Extra kext: Other\CPUFriendDataProvider.kext (v.1.0.0)
4:477  0:000  ->Extra kext: Other\ECEnabler.kext (v.1.0.2)
4:477  0:000  ->Extra kext: Other\IntelBluetoothFirmware.kext (v.2.1.0)
4:477  0:000  ->Extra kext: Other\BlueToolFixup.kext (v.2.6.1)
4:477  0:000  ->Extra kext: Other\Lilu.kext (v.1.6.0)
4:477  0:000  ->Extra kext: Other\NoTouchID.kext (v.1.0.3)
4:477  0:000  ->Extra kext: Other\NullCpuPowerManagement.kext (v.1.0.0d2)
4:477  0:000  ->Extra kext: Other\NullEthernet.kext (v.1.0.6)
4:477  0:000  ->Extra kext: Other\NVMeFix.kext (v.1.0.9)
4:477  0:000  ->Extra kext: Other\SATA-unsupported.kext (v.0.9.2)
4:477  0:000  ->Extra kext: Other\SMCBatteryManager.kext (v.1.2.8)
4:477  0:000  ->Extra kext: Other\SMCLightSensor.kext (v.1.2.8)
4:477  0:000  ->Extra kext: Other\SMCProcessor.kext (v.1.2.8)
4:477  0:000  ->Extra kext: Other\SMCSuperIO.kext (v.1.2.8)
4:477  0:000  ->Extra kext: Other\USBInjectAll.kext (v.0.7.1)
4:477  0:000  ->Extra kext: Other\USBToolBox.kext (v.1.1.1)
4:477  0:000  ->Extra kext: Other\UTBMap.kext (v.1.1)
4:477  0:000  ->Extra kext: Other\VirtualSMC.kext (v.1.2.8)
4:477  0:000  ->Extra kext: Other\VoodooI2C.kext (v.2.6.5)
4:477  0:000      |-- PlugIn kext: Other\VoodooI2C.kext\Contents\PlugIns\VoodooGPIO.kext (v.1.1)
4:477  0:000      |-- PlugIn kext: Other\VoodooI2C.kext\Contents\PlugIns\VoodooI2CServices.kext (v.1)
4:477  0:000      |-- PlugIn kext: Other\VoodooI2C.kext\Contents\PlugIns\VoodooInput.kext (v.1.1.1)
4:477  0:000  ->Extra kext: Other\VoodooI2CHID.kext (v.1)
4:477  0:000  ->Extra kext: Other\WhateverGreen.kext (v.1.5.7)
4:477  0:000  ->Extra kext: Other\XHCI-unsupported.kext (v.0.9.2)
4:477  0:000  ->Extra kext: Other\BrightnessKeys.kext (v.1.0.2)
4:477  0:000  GetOtherKextsDir(false) return NULL
4:477  0:000  AddKextsInArray from 12
4:477  0:000  AddKextsInArray from 12_normal
4:477  0:000  AddKextsInArray from 12.3
4:477  0:000  AddKextsInArray from 12.3_normal
4:477  0:000  AddKextsInArray from 12.3.1
4:477  0:000  AddKextsInArray from 12.3.1_normal
4:477  0:000  Bridge kext to OC : Path=Lilu.kext
4:478  0:000  assign executable as 'Contents\MacOS\Lilu'
4:478  0:000  Bridge kext to OC : Path=VirtualSMC.kext
4:480  0:002  assign executable as 'Contents\MacOS\VirtualSMC'
4:480  0:000  Bridge kext to OC : Path=WhateverGreen.kext
4:481  0:000  assign executable as 'Contents\MacOS\WhateverGreen'
4:481  0:000  Bridge kext to OC : Path=AppleALC.kext
4:508  0:027  assign executable as 'Contents\MacOS\AppleALC'
4:508  0:000  Bridge kext to OC : Path=SMCProcessor.kext
4:509  0:000  assign executable as 'Contents\MacOS\SMCProcessor'
4:509  0:000  Bridge kext to OC : Path=SMCSuperIO.kext
4:510  0:000  assign executable as 'Contents\MacOS\SMCSuperIO'
4:510  0:000  Bridge kext to OC : Path=VoodooGPIO.kext
4:510  0:000  assign executable as 'Contents\MacOS\VoodooGPIO'
4:510  0:000  Bridge kext to OC : Path=VoodooI2CServices.kext
4:511  0:000  assign executable as 'Contents\MacOS\VoodooI2CServices'
4:511  0:000  Bridge kext to OC : Path=VoodooI2C.kext
4:512  0:000  assign executable as 'Contents\MacOS\VoodooI2C'
4:512  0:000  Bridge kext to OC : Path=VoodooI2CHID.kext
4:512  0:000  assign executable as 'Contents\MacOS\VoodooI2CHID'
4:512  0:000  Bridge kext to OC : Path=ACPIBatteryManager.kext
4:513  0:000  assign executable as 'Contents\MacOS\ACPIBatteryManager'
4:513  0:000  Bridge kext to OC : Path=AirportItlwm.kext
4:514  0:000  assign executable as 'Contents\MacOS\AirportItlwm'
4:514  0:000  Bridge kext to OC : Path=AppleBacklightSmoother.kext
4:514  0:000  assign executable as 'Contents\MacOS\AppleBacklightSmoother'
4:514  0:000  Bridge kext to OC : Path=AsusNBFnKeys.kext
4:515  0:000  assign executable as 'Contents\MacOS\AsusNBFnKeys'
4:515  0:000  Bridge kext to OC : Path=AsusSMC.kext
4:516  0:000  assign executable as 'Contents\MacOS\AsusSMC'
4:516  0:000  Bridge kext to OC : Path=CPUFriend.kext
4:516  0:000  assign executable as 'Contents\MacOS\CPUFriend'
4:516  0:000  Bridge kext to OC : Path=CPUFriendDataProvider.kext
4:517  0:000  Bridge kext to OC : Path=ECEnabler.kext
4:517  0:000  assign executable as 'Contents\MacOS\ECEnabler'
4:517  0:000  Bridge kext to OC : Path=IntelBluetoothFirmware.kext
4:518  0:000  assign executable as 'Contents\MacOS\IntelBluetoothFirmware'
4:518  0:000  Bridge kext to OC : Path=BlueToolFixup.kext
4:519  0:000  assign executable as 'Contents\MacOS\BlueToolFixup'
4:519  0:000  Bridge kext to OC : Path=NoTouchID.kext
4:519  0:000  assign executable as 'Contents\MacOS\NoTouchID'
4:519  0:000  Bridge kext to OC : Path=NullCpuPowerManagement.kext
4:520  0:000  assign executable as 'Contents\MacOS\NullCPUPowerManagement'
4:520  0:000  Bridge kext to OC : Path=NullEthernet.kext
4:521  0:000  assign executable as 'Contents\MacOS\NullEthernet'
4:521  0:000  Bridge kext to OC : Path=NVMeFix.kext
4:521  0:000  assign executable as 'Contents\MacOS\NVMeFix'
4:521  0:000  Bridge kext to OC : Path=SATA-unsupported.kext
4:522  0:000  Bridge kext to OC : Path=SMCBatteryManager.kext
4:522  0:000  assign executable as 'Contents\MacOS\SMCBatteryManager'
4:522  0:000  Bridge kext to OC : Path=SMCLightSensor.kext
4:523  0:000  assign executable as 'Contents\MacOS\SMCLightSensor'
4:523  0:000  Bridge kext to OC : Path=USBInjectAll.kext
4:527  0:004  assign executable as 'Contents\MacOS\USBInjectAll'
4:527  0:000  Bridge kext to OC : Path=USBToolBox.kext
4:527  0:000  assign executable as 'Contents\MacOS\USBToolBox'
4:527  0:000  Bridge kext to OC : Path=UTBMap.kext
4:528  0:000  Bridge kext to OC : Path=VoodooInput.kext
4:528  0:000  assign executable as 'Contents\MacOS\VoodooInput'
4:528  0:000  Bridge kext to OC : Path=XHCI-unsupported.kext
4:529  0:000  Bridge kext to OC : Path=BrightnessKeys.kext
4:529  0:000  assign executable as 'Contents\MacOS\BrightnessKeys'
4:533  0:003  Start 'OpenRuntime.efi' : Status Success
4:533  0:000  OC: OcMiscEarlyInit...
4:533  0:000  OC: OpenCore DBG-075-2022-02-23 is loading in Optional mode (0/0)...
4:533  0:000  OC: OcMiscMiddleInit...
4:533  0:000  OC: StorageHandle 0 with  LauncherOption pointing to 
4:534  0:000  OC: OcLoadUefiSupport...
4:534  0:000  OCRTC: OcAppleRtcRamInstallProtocol
4:534  0:000  OCRTC: Wake log is 0x00 0x00   0 0x00
4:534  0:000  OcAppleFbInfoInstallProtocol
4:534  0:000  OcAppleEg2InfoInstallProtocol
4:535  0:000  OC: Loading Apple Secure Boot with Disabled (level 0)
4:535  0:000  OCABC: ALRBL 0 RTDFRG 1 DEVMMIO 0 NOSU 0 NOVRWR 0 NOSB 0 FBSIG 0 NOHBMAP 0 SMSLIDE 1 WRUNPROT 1
4:535  0:000  OCABC: FEXITBS 0 PRMRG 0 CSLIDE 0 MSLIDE 0 PRSRV 0 RBMAP 1 VMAP 1 APPLOS 0 RTPERMS 1 ARBAR -1
4:535  0:000  OCABC: Got rendezvous with OpenRuntime r12
4:535  0:000  OCABC: MAT support is 0
4:535  0:000  OC: RequestBootVarRouting 0
4:535  0:000  OC: Increasing GPU BARs to 0
4:535  0:000  OCDM: Setting RBAR to 0 inc 1 on 3/23
4:535  0:000  OCDM: Capability I/O error - Unsupported
4:535  0:000  OCDM: RBAR is unsupported by device - Device Error
4:535  0:000  OCDM: Setting RBAR to 0 inc 1 on 5/23
4:535  0:000  OCDM: Capability I/O error - Unsupported
4:535  0:000  OCDM: RBAR is unsupported by device - Device Error
4:536  0:000  OC: Got 0 drivers
4:536  0:000  OCC: Installing GOP (Unsupported) on ConsoleOutHandle...
4:536  0:000  OC: Requested resolution is 1920x1080@0 (max: 0, force: 0) from 1920x1080
4:536  0:000  OCC: Requesting 1920x1080@0 (max: 0) resolution, curr 0, total 6
4:536  0:000  OCC: Current FB at 0x70000000 (0x7E9000), format 1, res 1920x1080 scan 1920
4:536  0:000  OCC: Mode 0 - 1920x1080:1
4:536  0:000  OCC: Current mode matches desired mode 0
4:536  0:000  OC: Changed resolution to 1920x1080@0 (max: 0, force: 0) from 1920x1080 - Already started
4:536  0:000  OCC: Using builtin text renderer with 1 scale
4:538  0:001  OCC: Install console control (609D5DA0/0/0), current - Success
4:538  0:000  OCC: Setup ASCII Output - Success
4:538  0:000  OC: Requested console mode is 0x0 (max: 0) from 
4:538  0:000  OC: Requested not to use audio
4:538  0:000  OC: OcLoadAcpiSupport...
4:538  0:000  OC: OcLoadAcpiSupport : nothing to do
4:538  0:000  OC: OcMiscLateInit...
4:538  0:000  OC: Invalid HibernateMode: 
4:538  0:000  OC: Translated HibernateMode  to 0
4:538  0:000  OC: Hibernation activation - Invalid Parameter, hibernation wake - no
4:538  0:000  OC: OcLoadKernelSupport...
4:538  0:000  OC: All green, starting boot management...
4:539  0:001  OCB: Arch filtering 639E5018(723512)->639E5018(723512) caps 4 - Success
4:551  0:011  ImageHandle = 63bba418
4:553  0:001  GetOSVersion: 12.3.1 (21E258)
4:553  0:000  Filtering KextPatches:
4:553  0:000   - [00]: com.apple.driver.AppleAHCIPort (External icons patch) :: BinPatch :: [OS: 12.3.1 | MatchOS: 10.13.x,10.14.x | MatchBuild: All]
4:553  0:000   check MatchOS 10.13.x
4:553  0:000  
4:553  0:000   check MatchOS 10.14.x
4:553  0:000   ==> not allowed
4:553  0:000   - [01]: com.apple.iokit.IOUSBHostFamily (USB Port Limit Patch 1 ©PMHeart) :: BinPatch :: [OS: 12.3.1 | MatchOS: 10.14.4 | MatchBuild: All]
4:553  0:000   check MatchOS 10.14.4
4:553  0:000   ==> not allowed
4:553  0:000   - [02]: com.apple.driver.usb.AppleUSBXHCI (USB Port Limit Patch 2 ©PMHeart﻿) :: BinPatch :: [OS: 12.3.1 | MatchOS: 10.14.4 | MatchBuild: All]
4:553  0:000   check MatchOS 10.14.4
4:553  0:000   ==> not allowed
4:553  0:000   - [03]: com.apple.iokit.IOUSBHostFamily (USB Port Limit Patch 3 ©P﻿MHeart﻿﻿) :: BinPatch :: [OS: 12.3.1 | MatchOS: 10.14.4 | MatchBuild: All]
4:553  0:000   check MatchOS 10.14.4
4:553  0:000   ==> not allowed
4:553  0:000   - [04]: com.apple.driver.AppleMikeyDriver (MikeyDriver Patch Assertions) :: BinPatch :: [OS: 12.3.1 | MatchOS: 10.13.x,10.14.x | MatchBuild: All]
4:553  0:000   check MatchOS 10.13.x
4:553  0:000  
4:553  0:000   check MatchOS 10.14.x
4:553  0:000   ==> not allowed
4:553  0:000   - [05]: com.apple.iokit.IOUSBHostFamily (USB Port Limit Patch 1 ©ydeng) :: BinPatch :: [OS: 12.3.1 | MatchOS: 10.14.3 | MatchBuild: All]
4:553  0:000   check MatchOS 10.14.3
4:553  0:000   ==> not allowed
4:553  0:000   - [06]: com.apple.driver.usb.AppleUSBXHCI (USB Port Limit Patch 2 ©ydeng) :: BinPatch :: [OS: 12.3.1 | MatchOS: 10.14.3 | MatchBuild: All]
4:553  0:000   check MatchOS 10.14.3
4:553  0:000   ==> not allowed
4:553  0:000   - [07]: com.apple.iokit.IOUSBHostFamily (USB Port Limit Patch 3 ©ydeng﻿) :: BinPatch :: [OS: 12.3.1 | MatchOS: 10.14.3 | MatchBuild: All]
4:553  0:000   check MatchOS 10.14.3
4:553  0:000   ==> not allowed
4:553  0:000   - [08]: com.apple.driver.AppleGraphicsDevicePolicy (Prevent AGDP from loading) :: BinPatch :: [OS: 12.3.1 | MatchOS: 10.13.x,10.14.x | MatchBuild: All]
4:553  0:000   check MatchOS 10.13.x
4:553  0:000  
4:553  0:000   check MatchOS 10.14.x
4:553  0:000   ==> not allowed
4:553  0:000   - [09]: com.apple.driver.AppleIntelLpssI2C (Prevent Apple I2C kexts from attaching to I2C controllers) :: BinPatch :: [OS: 12.3.1 | MatchOS: 10.13.x,10.14.x | MatchBuild: All]
4:553  0:000   check MatchOS 10.13.x
4:553  0:000  
4:553  0:000   check MatchOS 10.14.x
4:553  0:000   ==> not allowed
4:553  0:000   - [10]: com.apple.driver.AppleIntelLpssI2CController (Prevent Apple I2C kexts from attaching to I2C controllers) :: BinPatch :: [OS: 12.3.1 | MatchOS: 10.13.x,10.14.x | MatchBuild: All]
4:553  0:000   check MatchOS 10.13.x
4:553  0:000  
4:553  0:000   check MatchOS 10.14.x
4:553  0:000   ==> not allowed
4:553  0:000   - [11]: com.apple.driver.usb.AppleUSBXHCI (USB 10.13.6 by PMHeart) :: BinPatch :: [OS: 12.3.1 | MatchOS: 10.13.6 | MatchBuild: All]
4:553  0:000   check MatchOS 10.13.6
4:553  0:000   ==> not allowed
4:553  0:000  Filtering KernelPatches:
4:553  0:000   - [00]: Disable panic kext logging on 10.14 Release kernel :: [OS: 12.3.1 | MatchOS: 10.14.x | MatchBuild: All]
4:553  0:000   check MatchOS 10.14.x
4:553  0:000   ==> not allowed by OS
4:553  0:000   - [01]: Disable panic kext logging on 10.13 Release kernel :: [OS: 12.3.1 | MatchOS: 10.13.x | MatchBuild: All]
4:553  0:000   check MatchOS 10.13.x
4:553  0:000   ==> not allowed by OS
4:553  0:000  Will not patch boot.efi
4:553  0:000  === [ PatchSmbios ] =============================
4:553  0:000  UpdateSmbiosString : BiosVersion=EfiVersion=1715.81.2.0.0
4:553  0:000  UpdateSmbiosString : ReleaseDate=01/06/2022
4:553  0:000  void PatchTableType1(const SmbiosInjectedSettings&) : UpdateSmbiosString ProductName=MacBookPro15,2
4:553  0:000  void PatchTableType2(const SmbiosInjectedSettings&) : UpdateSmbiosString ProductName=BoardNumber=Mac-827FB448E656EC26
4:553  0:000  void PatchTableType2(const SmbiosInjectedSettings&) : UpdateSmbiosString Version=BoardVersion=MacBookPro15,2
4:553  0:000  insert table 9 for dev 0:0
4:553  0:000  insert table 9 for dev 14:3
4:553  0:000  Table 11 present, but rewritten for us
4:554  0:001  Do not inject memory table
4:554  0:000  Trusting SMBIOS...
4:554  0:000  Channels: 1
4:554  0:000  Interleave: 0 1 2 3
4:554  0:000  trusted SMBIOS data, table index 0:
4:554  0:000    gRAM.SMBIOS[0]->ModuleSize = 16384
4:554  0:000    gRAM.SMBIOS[0]->Type = 0
4:554  0:000    gRAM.SMBIOS[0]->Frequency = 2667
4:554  0:000    gRAM.SMBIOS[0]->Vendor = SK Hynix
4:554  0:000    gRAM.SMBIOS[0]->PartNo = HMA82GS6CJR8N-VK
4:554  0:000    gRAM.SMBIOS[0]->SerialNo = 71FB1A2C
4:554  0:000  SPD data in use:
4:554  0:000    gRAM.SPD[0]->ModuleSize = 16384
4:554  0:000    gRAM.SPD[0]->Type = 26
4:554  0:000    gRAM.SPD[0]->Frequency = 2666
4:554  0:000    gRAM.SPD[0]->Vendor = SK Hynix
4:554  0:000    gRAM.SPD[0]->SerialNo = 71FB1A2C
4:554  0:000    gRAM.SPD[0]->PartNo = HMA82GS6CJR8N-VK
4:554  0:000    SMBIOS Type 17 Index = 0 => SMBIOSIndex=0 SPDIndex=0:
4:554  0:000  BANK 0 DIMM0 2667MHz 16384MB(Ext:0MB)
4:554  0:000  !trusted SMBIOS data, Table index 1:!gRAM.SMBIOS.doesSlotForIndexExist(SMBIOSIndex) 
4:554  0:000    SMBIOS Type 17 Index = 1 => SMBIOSIndex=1 SPDIndex=1:
4:554  0:000  BANK 0 DIMM1 EMPTY
4:554  0:000  !trusted SMBIOS data, Table index 2:!gRAM.SMBIOS.doesSlotForIndexExist(SMBIOSIndex) 
4:554  0:000    SMBIOS Type 17 Index = 2 => SMBIOSIndex=2 SPDIndex=2:
4:554  0:000  BANK 0 DIMM2 EMPTY
4:554  0:000  !trusted SMBIOS data, Table index 3:!gRAM.SMBIOS.doesSlotForIndexExist(SMBIOSIndex) 
4:554  0:000    SMBIOS Type 17 Index = 3 => SMBIOSIndex=3 SPDIndex=3:
4:554  0:000  BANK 0 DIMM3 EMPTY
4:554  0:000  mTotalSystemMemory = 16384
4:554  0:000  NumberOfMemoryDevices = 4
4:554  0:000  Type20[0]->End = 0xFFFFFF, Type17[0] = 4000
4:554  0:000  Table 131 is present, CPUType=31
4:554  0:000  Change to: 709
4:554  0:000  === [ PatchACPI ] ===============================
4:554  0:000  OCABC: AllocPages 1 0x6A198000 (1) - Success
4:554  0:000  Xsdt reallocation done
4:554  0:000  OCABC: AllocPages 1 0x6A197000 (1) - Success
4:554  0:000  old FADT length=114
4:554  0:000   SignatureFixup: 0x618672CD -> 0x0
4:554  0:000  Found OperationRegion(GNVS, SystemMemory, 6A276000, ...)
4:554  0:000  Found OperationRegion(PNVA, SystemMemory, 6A310B98, ...)
4:554  0:000  Found OperationRegion(THBA, SystemMemory, FE200000, ...)
4:556  0:001  Found OperationRegion(BNVS, SystemMemory, 6A311000, ...)
4:557  0:000  Found OperationRegion(ABNV, SystemMemory, FFFF0000, ...)
4:557  0:000  Found OperationRegion(TMMB, SystemMemory, FED40000, ...)
4:557  0:000  Found OperationRegion(CRBD, SystemMemory, FED40000, ...)
4:557  0:000  Found OperationRegion(TPMR, SystemMemory, FED40040, ...)
4:557  0:000  Found OperationRegion(ATNV, SystemMemory, 6A310F98, ...)
4:557  0:000  Found OperationRegion(RAMW, SystemMemory, 6A312000, ...)
4:565  0:008  DSDT found in Clover volume: \EFI\CLOVER\ACPI\patched\DSDT.aml
4:565  0:000  OCABC: AllocPages 1 0x60793000 (49) - Success
4:566  0:000  Apply DsdtFixMask=0x10060054
4:566  0:000  === [ FixBiosDsdt ] =============================
4:566  0:000  Patching DSDT:
4:566  0:000   - [ACPI Patch]: disabled
4:566  0:000   - [change HDAS to HDEF]: pattern 48444153, bin not found / already patched!
4:567  0:000   - [change GFx0 to IGPU]: pattern 47465830, bin not found / already patched!
4:567  0:000   - [change HECI to IMEI]: pattern 48454349, bin not found / already patched!
4:567  0:000   - [SAT0 to SATA]: pattern 53415430, bin not found / already patched!
4:569  0:001  Start HPET Fix
4:571  0:001  OperationRegion (GNVS...) corrected from 0x6A230000 to addr=0x6A276000
4:571  0:000    indirect name=PNVB
4:571  0:000  OperationRegion (PNVA...) corrected from 0x6A2CAB98 to addr=0x6A310B98
4:571  0:000  OperationRegion (THBA...) corrected from 0x0 to addr=0xFE200000
4:571  0:000  OperationRegion (BNVS...) corrected from 0x6A2CB000 to addr=0x6A311000
4:571  0:000    indirect name=TPMM
4:571  0:000    indirect name=FTPM
4:571  0:000    indirect name=PPIM
4:571  0:000  OperationRegion (ATNV...) corrected from 0x6A2CAF98 to addr=0x6A310F98
4:571  0:000  OperationRegion (RAMW...) corrected from 0x6A2CC000 to addr=0x6A312000
4:572  0:000  PreCleanup XSDT: count=25, length=236
4:572  0:000  PreCleanup XSDT, corrected XSDT: count=25, length=236
4:572  0:000  === [ ACPIDropTables ] ==========================
4:572  0:000  OCABC: AllocPages 1 0x6A195000 (2) - Success
4:572  0:000  OCABC: AllocPages 1 0x6A195000 (2) - Success
4:572  0:000  OCABC: AllocPages 1 0x6A195000 (2) - Success
4:572  0:000  OCABC: AllocPages 1 0x6A195000 (2) - Success
4:572  0:000  OCABC: AllocPages 1 0x6A195000 (2) - Success
4:572  0:000  OCABC: AllocPages 1 0x6A195000 (2) - Success
4:572  0:000  Patching SSDTs: 5 patches each
4:572  0:000   pattern 48444153, bin not found / already patched!
4:572  0:000   pattern 47465830, bin not found / already patched!
4:572  0:000   pattern 48454349, bin not found / already patched!
4:572  0:000   pattern 53415430, patched at: [ (20) ]
4:572  0:000  OCABC: AllocPages 1 0x6A18E000 (7) - Success
4:572  0:000  Patching SSDTs: 5 patches each
4:572  0:000   pattern 48444153, bin not found / already patched!
4:572  0:000   pattern 47465830, bin not found / already patched!
4:572  0:000   pattern 48454349, bin not found / already patched!
4:572  0:000   pattern 53415430, bin not found / already patched!
4:572  0:000  OCABC: AllocPages 1 0x6A18B000 (3) - Success
4:572  0:000  Patching SSDTs: 5 patches each
4:572  0:000   pattern 48444153, bin not found / already patched!
4:572  0:000   pattern 47465830, bin not found / already patched!
4:572  0:000   pattern 48454349, bin not found / already patched!
4:572  0:000   pattern 53415430, bin not found / already patched!
4:572  0:000  Found OperationRegion(PNVS, SystemMemory, 6ADBB000, ...)
4:572  0:000  OCABC: AllocPages 1 0x6A189000 (2) - Success
4:572  0:000  OCABC: AllocPages 1 0x6A189000 (2) - Success
4:572  0:000  Patching SSDTs: 5 patches each
4:572  0:000   pattern 48444153, bin not found / already patched!
4:572  0:000   pattern 47465830, bin not found / already patched!
4:572  0:000   pattern 48454349, bin not found / already patched!
4:572  0:000   pattern 53415430, bin not found / already patched!
4:572  0:000  OCABC: AllocPages 1 0x6A184000 (5) - Success
4:572  0:000  Patching SSDTs: 5 patches each
4:572  0:000   pattern 48444153, bin not found / already patched!
4:572  0:000   pattern 47465830, patched at: [ (2D) ]
4:572  0:000   pattern 48454349, bin not found / already patched!
4:572  0:000   pattern 53415430, bin not found / already patched!
4:572  0:000  Found OperationRegion(SANV, SystemMemory, 6A310118, ...)
4:573  0:000  OCABC: AllocPages 1 0x6A180000 (4) - Success
4:573  0:000  Patching SSDTs: 5 patches each
4:573  0:000   pattern 48444153, bin not found / already patched!
4:573  0:000   pattern 47465830, bin not found / already patched!
4:573  0:000   pattern 48454349, bin not found / already patched!
4:573  0:000   pattern 53415430, bin not found / already patched!
4:573  0:000  OCABC: AllocPages 1 0x6264F000 (2) - Success
4:573  0:000  OCABC: AllocPages 1 0x6264F000 (2) - Success
4:573  0:000  OCABC: AllocPages 1 0x6264F000 (2) - Success
4:573  0:000  OCABC: AllocPages 1 0x6264D000 (4) - Success
4:573  0:000  Patching SSDTs: 5 patches each
4:573  0:000   pattern 48444153, bin not found / already patched!
4:573  0:000   pattern 47465830, bin not found / already patched!
4:573  0:000   pattern 48454349, bin not found / already patched!
4:573  0:000   pattern 53415430, bin not found / already patched!
4:573  0:000  OCABC: AllocPages 1 0x6264B000 (2) - Success
4:573  0:000  Patching SSDTs: 5 patches each
4:573  0:000   pattern 48444153, bin not found / already patched!
4:573  0:000   pattern 47465830, bin not found / already patched!
4:573  0:000   pattern 48454349, bin not found / already patched!
4:573  0:000   pattern 53415430, bin not found / already patched!
4:573  0:000  OCABC: AllocPages 1 0x62649000 (2) - Success
4:573  0:000  OCABC: AllocPages 1 0x62649000 (2) - Success
4:573  0:000  OCABC: AllocPages 1 0x62649000 (2) - Success
4:573  0:000  Patching SSDTs: 5 patches each
4:573  0:000   pattern 48444153, bin not found / already patched!
4:573  0:000   pattern 47465830, bin not found / already patched!
4:573  0:000   pattern 48454349, bin not found / already patched!
4:573  0:000   pattern 53415430, bin not found / already patched!
4:573  0:000  OCABC: AllocPages 1 0x62647000 (2) - Success
4:573  0:000  OCABC: AllocPages 1 0x62647000 (2) - Success
4:573  0:000  OCABC: AllocPages 1 0x62646000 (3) - Success
4:573  0:000  Patching SSDTs: 5 patches each
4:573  0:000   pattern 48444153, bin not found / already patched!
4:573  0:000   pattern 47465830, patched at: [ (55) ]
4:573  0:000   pattern 48454349, bin not found / already patched!
4:573  0:000   pattern 53415430, bin not found / already patched!
4:573  0:000  OCABC: AllocPages 1 0x62644000 (2) - Success
4:573  0:000  === [ ACPIPatchedAML ] ==========================
4:573  0:000  Unsorted
4:573  0:000  Inserting ssdt-2.aml from \EFI\CLOVER\ACPI\patched: size=212 OCABC: AllocPages 1 0x62645000 (1) - Success
... Success
4:573  0:000  Inserting SSDT-EC.aml from \EFI\CLOVER\ACPI\patched: size=63 OCABC: AllocPages 1 0x62644000 (1) - Success
... Success
4:573  0:000  Inserting SSDT-NoHybGfx.aml from \EFI\CLOVER\ACPI\patched: size=302 OCABC: AllocPages 1 0x62643000 (1) - Success
... Success
4:573  0:000  Inserting SSDT-PNLF.aml from \EFI\CLOVER\ACPI\patched: size=1028 OCABC: AllocPages 1 0x60792000 (1) - Success
... Success
4:573  0:000  ApicCPUNum=1
4:573  0:000  Cleanup XSDT: count=29, length=268
4:573  0:000  corrected XSDT count=29, length=268
4:573  0:000  === [ RestSetup macOS ] =========================
4:573  0:000  EdidDiscovered size=128
4:573  0:000  --- Discovered EDID Table size:128
4:573  0:000  000  |  00  FF  FF  FF  FF  FF  FF  00  06  AF
4:573  0:000  010  |  ED  71  00  00  00  00  10  1B  01  04
4:573  0:000  020  |  A5  22  13  78  02  6A  75  A4  56  52
4:574  0:000  030  |  9C  27  0B  50  54  00  00  00  01  01
4:574  0:000  040  |  01  01  01  01  01  01  01  01  01  01
4:574  0:000  050  |  01  01  01  01  CE  8F  80  B6  70  38
4:574  0:000  060  |  88  40  30  20  A5  00  58  C1  10  00
4:574  0:000  070  |  00  00  00  00  00  00  00  00  00  00
4:574  0:000  080  |  00  00  00  00  00  00  00  00  00  00
4:574  0:000  090  |  00  00  00  FE  00  41  55  4F  0A  20
4:574  0:000  100  |  20  20  20  20  20  20  20  20  00  00
4:574  0:000  110  |  00  FE  00  42  31  35  36  48  41  4E
4:574  0:000  120  |  30  37  2E  31  20  0A  00  F1
4:574  0:000  NVidia GFX injection not set
4:574  0:000  Intel UHD Graphics 630 [8086:3E9B] :: PciRoot(0x0)\Pci(0x2,0x0)
4:574  0:000    ig-platform-id = 0x3e9b0000
4:574  0:000    Intel: no default properties
4:574  0:000  Intel GFX revision  = 0x0
4:574  0:000   RCBA disabled; cannot use it
4:574  0:000   setting specified layout-id=21 (0x15)
4:574  0:000  stringlength = 1166
4:574  0:000  OCABC: AllocPages 1 0x60791000 (1) - Success
4:574  0:000  CurrentMode: Width=1920 Height=1080
4:574  0:000  SetNvramVariable (system-id, 4D1EDE05-38C7-4A6A-9CC6-4BCCA8B38C14, 0x2, 16): -> writing new (Success)
4:576  0:001  SetNvramVariable (MLB, 4D1EDE05-38C7-4A6A-9CC6-4BCCA8B38C14, 0x6, 17): -> writing new (Success)
4:576  0:000  SetNvramVariable (ROM, 4D1EDE05-38C7-4A6A-9CC6-4BCCA8B38C14, 0x6, 6): -> writing new (Success)
4:577  0:000  SetNvramVariable (FirmwareFeatures, 4D1EDE05-38C7-4A6A-9CC6-4BCCA8B38C14, 0x6, 4): -> writing new (Success)
4:578  0:000  SetNvramVariable (FirmwareFeaturesMask, 4D1EDE05-38C7-4A6A-9CC6-4BCCA8B38C14, 0x6, 4): -> writing new (Success)
4:578  0:000  SetNvramVariable (ExtendedFirmwareFeatures, 4D1EDE05-38C7-4A6A-9CC6-4BCCA8B38C14, 0x6, 8): -> writing new (Success)
4:579  0:000  SetNvramVariable (ExtendedFirmwareFeaturesMask, 4D1EDE05-38C7-4A6A-9CC6-4BCCA8B38C14, 0x6, 8): -> writing new (Success)
4:579  0:000  AddNvramVariable (HW_BID, 4D1EDE05-38C7-4A6A-9CC6-4BCCA8B38C14, 0x6, 20): -> writing new (Success)
4:580  0:000  AddNvramVariable (security-mode, 7C436110-AB2A-4BBB-A880-FE41995C9F82, 0x7, 5): -> already exists, abort
4:580  0:000  AddNvramVariable (backlight-level, 7C436110-AB2A-4BBB-A880-FE41995C9F82, 0x7, 2): -> already exists, abort
4:581  0:000  DeleteNvramVariable (DefaultBackgroundColor, 4D1EDE05-38C7-4A6A-9CC6-4BCCA8B38C14):
4:582  0:000  DeleteNvramVariable (UIScale, 4D1EDE05-38C7-4A6A-9CC6-4BCCA8B38C14):
4:582  0:000  DeleteNvramVariable (EFILoginHiDPI, 7C436110-AB2A-4BBB-A880-FE41995C9F82):
4:582  0:000  SetNvramVariable (flagstate, 7C436110-AB2A-4BBB-A880-FE41995C9F82, 0x7, 32): exists(0x7, 32), equal -> not writing again.
4:582  0:000  SetNvramVariable (csr-active-config, 7C436110-AB2A-4BBB-A880-FE41995C9F82, 0x7, 4): exists(0x7, 4), equal -> not writing again.
4:582  0:000  SetNvramVariable (BridgeOSHardwareModel, 4D1EDE05-38C7-4A6A-9CC6-4BCCA8B38C14, 0x7, 6): -> writing new (Success)
4:588  0:005  DeleteNvramVariable (bootercfg, 7C436110-AB2A-4BBB-A880-FE41995C9F82):
4:589  0:000  DeleteNvramVariable (nvda_drv, 7C436110-AB2A-4BBB-A880-FE41995C9F82):
4:589  0:000  DeleteNvramVariable (recovery-boot-mode, 7C436110-AB2A-4BBB-A880-FE41995C9F82):
4:589  0:000  AddNvramVariable (wake-failure, 7C436110-AB2A-4BBB-A880-FE41995C9F82, 0x7, 5): -> already exists, abort
4:590  0:000  DeleteNvramVariable (opencore-version, 7C436110-AB2A-4BBB-A880-FE41995C9F82):
4:590  0:000  Use origin smbios table type 1 guid.
4:596  0:006  DeleteNvramVariable (efi-boot-device, 7C436110-AB2A-4BBB-A880-FE41995C9F82):
4:597  0:001  DeleteNvramVariable (efi-boot-device-data, 7C436110-AB2A-4BBB-A880-FE41995C9F82):
4:598  0:000  DeleteNvramVariable (BootCampHD, 7C436110-AB2A-4BBB-A880-FE41995C9F82):
4:598  0:000  Custom boot is disabled
4:599  0:001  DeleteNvramVariable (IOHibernateRTCVariables, 7C436110-AB2A-4BBB-A880-FE41995C9F82):
4:600  0:000  DeleteNvramVariable (boot-image, 7C436110-AB2A-4BBB-A880-FE41995C9F82):
4:600  0:000  Kernel quirks
4:600  0:000  ACPCL 1 AXCL 1 AXEM 0 AXFB 0 CSG 0 DIM 1 DLJ 0 DRC 1 DPM 0 EBTFF 0 EDI 0 IPBS 0 LKP 1 PNKD 1 PTKP 0 TPD 0 XPL 1 PCC 0
4:600  0:000  Closing log
4:603  0:002  OCABC: Patching safe mode sur-2 at off 1F0B
4:603  0:000  OCABC: AllocPages 2 0x60591000 (512) - Success
4:603  0:000  OCABC: AllocPages 2 0x68219000 (1) - Success
4:603  0:000  OC: Supported boot capabilities 4
4:607  0:003  OCABC: AllocPages 1 0x60590000 (1) - Success
4:615  0:008  OC: Opening file System\Library\Kernels\kernel with 1 mode gave - Not Found
4:615  0:000  OC: Opening file \DAF9453D-1BBB-4E16-A7F0-AA580353CCA2 with 1 mode gave - Success
4:616  0:000  OC: Opening file \DAF9453D-1BBB-4E16-A7F0-AA580353CCA2\System\Library\CoreServices\com.apple.Boot.plist with 1 mode gave - Success
4:616  0:000  OCABC: AllocPages 2 0x1DF00000 (121388) - Not Found
14:616  10:000  OCB: InternalEfiExit 63BBA418 - Aborted / Unsupported
14:617  0:000  StartImage failed : Aborted
